<?xml version="1.0" encoding="UTF-8"?>
<!-- Generated by org.testng.reporters.JUnitReportReporter -->
<testsuite skipped="0" hostname="GYAN-L-PC7" name="TestNg.HomeTest" tests="5" failures="0" timestamp="10 Oct 2019 05:13:34 GMT" time="7.698" errors="0">
  <testcase name="HomePage" time="0.001" classname="TestNg.HomeTest"/>
  <testcase name="LoginTest" time="6.979" classname="TestNg.HomeTest"/>
  <testcase name="CheckTitle" time="0.016" classname="TestNg.HomeTest"/>
  <testcase name="CheckImages1" time="0.680" classname="TestNg.HomeTest"/>
  <testcase name="CheckImages" time="0.022" classname="TestNg.HomeTest"/>
</testsuite> <!-- TestNg.HomeTest -->
