<?xml version="1.0" encoding="UTF-8"?>
<!-- Generated by org.testng.reporters.JUnitReportReporter -->
<testsuite skipped="1" hostname="GYAN-L-PC7" name="TestNg.Data_DrivenTest" tests="1" failures="0" timestamp="10 Oct 2019 04:57:13 GMT" time="0.000" errors="0">
  <testcase name="PostNewEmployee" time="0.000" classname="TestNg.Data_DrivenTest">
    <skipped/>
  </testcase> <!-- PostNewEmployee -->
</testsuite> <!-- TestNg.Data_DrivenTest -->
